<?xml version="1.0" encoding="UTF-8"?>
<testsuite xmlns:xsi="http://www.w3.org/2001/XMLSchema-instance" xsi:noNamespaceSchemaLocation="https://maven.apache.org/surefire/maven-surefire-plugin/xsd/surefire-test-report-3.0.xsd" version="3.0" name="com.mycompany.mychatapp.MessagesTest" time="0.295" tests="5" errors="0" skipped="0" failures="0">
  <properties>
[...]
</properties>
  <testcase name="testMenuOptions" classname="com.mycompany.mychatapp.MessagesTest" time="0.103">
    <system-out><![CDATA[Welcome to messages
1
]]></system-out>
  </testcase>
  <testcase name="testCheckNumGen" classname="com.mycompany.mychatapp.MessagesTest" time="0.006">
    <system-out><![CDATA[false
]]></system-out>
  </testcase>
  <testcase name="testRecipientCellNo" classname="com.mycompany.mychatapp.MessagesTest" time="0.003">
    <system-out><![CDATA[+27647384647
]]></system-out>
  </testcase>
  <testcase name="testCheckMessage" classname="com.mycompany.mychatapp.MessagesTest" time="0.006">
    <system-out><![CDATA[Message is ready to be sent.
Hi Mike, are you coming tonight?
]]></system-out>
  </testcase>
  <testcase name="testSentMessage" classname="com.mycompany.mychatapp.MessagesTest" time="0.003">
    <system-out><![CDATA[Press 0 to delete the message.
Disregard
]]></system-out>
  </testcase>
</testsuite>